This file contains any messages produced by compilers while
running configure, to aid debugging if configure makes a mistake.

It was created by unimrcp configure 1.6.0, which was
generated by GNU Autoconf 2.69.  Invocation command line was

  $ ./configure 

## --------- ##
## Platform. ##
## --------- ##

hostname = freeswitch10
uname -m = x86_64
uname -r = 3.10.0-1160.53.1.el7.x86_64
uname -s = Linux
uname -v = #1 SMP Fri Jan 14 13:59:45 UTC 2022

/usr/bin/uname -p = x86_64
/bin/uname -X     = unknown

/bin/arch              = x86_64
/usr/bin/arch -k       = unknown
/usr/convex/getsysinfo = unknown
/usr/bin/hostinfo      = unknown
/bin/machine           = unknown
/usr/bin/oslevel       = unknown
/bin/universe          = unknown

PATH: /usr/local/sbin
PATH: /usr/local/bin
PATH: /usr/sbin
PATH: /usr/bin
PATH: /sbin
PATH: /bin


## ----------- ##
## Core tests. ##
## ----------- ##

configure:4047: checking for chosen layout
configure:4049: result: classic
configure:4257: checking for a BSD-compatible install
configure:4325: result: /usr/bin/install -c
configure:4336: checking whether build environment is sane
configure:4391: result: yes
configure:4542: checking for a thread-safe mkdir -p
configure:4581: result: /usr/bin/mkdir -p
configure:4588: checking for gawk
configure:4604: found /usr/bin/gawk
configure:4615: result: gawk
configure:4626: checking whether make sets $(MAKE)
configure:4648: result: yes
configure:4677: checking whether make supports nested variables
configure:4694: result: yes
configure:4781: checking whether make supports nested variables
configure:4798: result: yes
configure:4865: checking for gcc
configure:4881: found /usr/bin/gcc
configure:4892: result: gcc
configure:5121: checking for C compiler version
configure:5130: gcc --version >&5
gcc (GCC) 4.8.5 20150623 (Red Hat 4.8.5-44)
Copyright (C) 2015 Free Software Foundation, Inc.
This is free software; see the source for copying conditions.  There is NO
warranty; not even for MERCHANTABILITY or FITNESS FOR A PARTICULAR PURPOSE.

configure:5141: $? = 0
configure:5130: gcc -v >&5
Using built-in specs.
COLLECT_GCC=gcc
COLLECT_LTO_WRAPPER=/usr/libexec/gcc/x86_64-redhat-linux/4.8.5/lto-wrapper
Target: x86_64-redhat-linux
Configured with: ../configure --prefix=/usr --mandir=/usr/share/man --infodir=/usr/share/info --with-bugurl=http://bugzilla.redhat.com/bugzilla --enable-bootstrap --enable-shared --enable-threads=posix --enable-checking=release --with-system-zlib --enable-__cxa_atexit --disable-libunwind-exceptions --enable-gnu-unique-object --enable-linker-build-id --with-linker-hash-style=gnu --enable-languages=c,c++,objc,obj-c++,java,fortran,ada,go,lto --enable-plugin --enable-initfini-array --disable-libgcj --with-isl=/builddir/build/BUILD/gcc-4.8.5-20150702/obj-x86_64-redhat-linux/isl-install --with-cloog=/builddir/build/BUILD/gcc-4.8.5-20150702/obj-x86_64-redhat-linux/cloog-install --enable-gnu-indirect-function --with-tune=generic --with-arch_32=x86-64 --build=x86_64-redhat-linux
Thread model: posix
gcc version 4.8.5 20150623 (Red Hat 4.8.5-44) (GCC) 
configure:5141: $? = 0
configure:5130: gcc -V >&5
gcc: error: unrecognized command line option '-V'
gcc: fatal error: no input files
compilation terminated.
configure:5141: $? = 4
configure:5130: gcc -qversion >&5
gcc: error: unrecognized command line option '-qversion'
gcc: fatal error: no input files
compilation terminated.
configure:5141: $? = 4
configure:5161: checking whether the C compiler works
configure:5183: gcc    conftest.c  >&5
configure:5187: $? = 0
configure:5235: result: yes
configure:5238: checking for C compiler default output file name
configure:5240: result: a.out
configure:5246: checking for suffix of executables
configure:5253: gcc -o conftest    conftest.c  >&5
configure:5257: $? = 0
configure:5279: result: 
configure:5301: checking whether we are cross compiling
configure:5309: gcc -o conftest    conftest.c  >&5
configure:5313: $? = 0
configure:5320: ./conftest
configure:5324: $? = 0
configure:5339: result: no
configure:5344: checking for suffix of object files
configure:5366: gcc -c   conftest.c >&5
configure:5370: $? = 0
configure:5391: result: o
configure:5395: checking whether we are using the GNU C compiler
configure:5414: gcc -c   conftest.c >&5
configure:5414: $? = 0
configure:5423: result: yes
configure:5432: checking whether gcc accepts -g
configure:5452: gcc -c -g  conftest.c >&5
configure:5452: $? = 0
configure:5493: result: yes
configure:5510: checking for gcc option to accept ISO C89
configure:5573: gcc  -c -g -O2  conftest.c >&5
configure:5573: $? = 0
configure:5586: result: none needed
configure:5617: checking for style of include used by make
configure:5645: result: GNU
configure:5671: checking dependency style of gcc
configure:5782: result: gcc3
configure:5855: checking for g++
configure:5871: found /usr/bin/g++
configure:5882: result: g++
configure:5909: checking for C++ compiler version
configure:5918: g++ --version >&5
g++ (GCC) 4.8.5 20150623 (Red Hat 4.8.5-44)
Copyright (C) 2015 Free Software Foundation, Inc.
This is free software; see the source for copying conditions.  There is NO
warranty; not even for MERCHANTABILITY or FITNESS FOR A PARTICULAR PURPOSE.

configure:5929: $? = 0
configure:5918: g++ -v >&5
Using built-in specs.
COLLECT_GCC=g++
COLLECT_LTO_WRAPPER=/usr/libexec/gcc/x86_64-redhat-linux/4.8.5/lto-wrapper
Target: x86_64-redhat-linux
Configured with: ../configure --prefix=/usr --mandir=/usr/share/man --infodir=/usr/share/info --with-bugurl=http://bugzilla.redhat.com/bugzilla --enable-bootstrap --enable-shared --enable-threads=posix --enable-checking=release --with-system-zlib --enable-__cxa_atexit --disable-libunwind-exceptions --enable-gnu-unique-object --enable-linker-build-id --with-linker-hash-style=gnu --enable-languages=c,c++,objc,obj-c++,java,fortran,ada,go,lto --enable-plugin --enable-initfini-array --disable-libgcj --with-isl=/builddir/build/BUILD/gcc-4.8.5-20150702/obj-x86_64-redhat-linux/isl-install --with-cloog=/builddir/build/BUILD/gcc-4.8.5-20150702/obj-x86_64-redhat-linux/cloog-install --enable-gnu-indirect-function --with-tune=generic --with-arch_32=x86-64 --build=x86_64-redhat-linux
Thread model: posix
gcc version 4.8.5 20150623 (Red Hat 4.8.5-44) (GCC) 
configure:5929: $? = 0
configure:5918: g++ -V >&5
g++: error: unrecognized command line option '-V'
g++: fatal error: no input files
compilation terminated.
configure:5929: $? = 4
configure:5918: g++ -qversion >&5
g++: error: unrecognized command line option '-qversion'
g++: fatal error: no input files
compilation terminated.
configure:5929: $? = 4
configure:5933: checking whether we are using the GNU C++ compiler
configure:5952: g++ -c   conftest.cpp >&5
configure:5952: $? = 0
configure:5961: result: yes
configure:5970: checking whether g++ accepts -g
configure:5990: g++ -c -g  conftest.cpp >&5
configure:5990: $? = 0
configure:6031: result: yes
configure:6056: checking dependency style of g++
configure:6167: result: gcc3
configure:6183: checking whether gcc and cc understand -c and -o together
configure:6214: gcc -c conftest.c -o conftest2.o >&5
configure:6218: $? = 0
configure:6224: gcc -c conftest.c -o conftest2.o >&5
configure:6228: $? = 0
configure:6239: cc -c conftest.c >&5
configure:6243: $? = 0
configure:6251: cc -c conftest.c -o conftest2.o >&5
configure:6255: $? = 0
configure:6261: cc -c conftest.c -o conftest2.o >&5
configure:6265: $? = 0
configure:6283: result: yes
configure:6341: checking build system type
configure:6355: result: x86_64-unknown-linux-gnu
configure:6375: checking host system type
configure:6388: result: x86_64-unknown-linux-gnu
configure:6429: checking how to print strings
configure:6456: result: printf
configure:6477: checking for a sed that does not truncate output
configure:6541: result: /usr/bin/sed
configure:6559: checking for grep that handles long lines and -e
configure:6617: result: /usr/bin/grep
configure:6622: checking for egrep
configure:6684: result: /usr/bin/grep -E
configure:6689: checking for fgrep
configure:6751: result: /usr/bin/grep -F
configure:6786: checking for ld used by gcc
configure:6853: result: /usr/bin/ld
configure:6860: checking if the linker (/usr/bin/ld) is GNU ld
configure:6875: result: yes
configure:6887: checking for BSD- or MS-compatible name lister (nm)
configure:6936: result: /usr/bin/nm -B
configure:7066: checking the name lister (/usr/bin/nm -B) interface
configure:7073: gcc -c -g -O2  conftest.c >&5
configure:7076: /usr/bin/nm -B "conftest.o"
configure:7079: output
0000000000000000 B some_variable
configure:7086: result: BSD nm
configure:7089: checking whether ln -s works
configure:7093: result: yes
configure:7101: checking the maximum length of command line arguments
configure:7231: result: 1572864
configure:7248: checking whether the shell understands some XSI constructs
configure:7258: result: yes
configure:7262: checking whether the shell understands "+="
configure:7268: result: yes
configure:7303: checking how to convert x86_64-unknown-linux-gnu file names to x86_64-unknown-linux-gnu format
configure:7343: result: func_convert_file_noop
configure:7350: checking how to convert x86_64-unknown-linux-gnu file names to toolchain format
configure:7370: result: func_convert_file_noop
configure:7377: checking for /usr/bin/ld option to reload object files
configure:7384: result: -r
configure:7458: checking for objdump
configure:7474: found /usr/bin/objdump
configure:7485: result: objdump
configure:7517: checking how to recognize dependent libraries
configure:7719: result: pass_all
configure:7804: checking for dlltool
configure:7834: result: no
configure:7864: checking how to associate runtime and link libraries
configure:7891: result: printf %s\n
configure:7952: checking for ar
configure:7968: found /usr/bin/ar
configure:7979: result: ar
configure:8016: checking for archiver @FILE support
configure:8033: gcc -c -g -O2  conftest.c >&5
configure:8033: $? = 0
configure:8036: ar cru libconftest.a @conftest.lst >&5
configure:8039: $? = 0
configure:8044: ar cru libconftest.a @conftest.lst >&5
ar: conftest.o: No such file or directory
configure:8047: $? = 1
configure:8059: result: @
configure:8117: checking for strip
configure:8133: found /usr/bin/strip
configure:8144: result: strip
configure:8216: checking for ranlib
configure:8232: found /usr/bin/ranlib
configure:8243: result: ranlib
configure:8345: checking command to parse /usr/bin/nm -B output from gcc object
configure:8465: gcc -c -g -O2  conftest.c >&5
configure:8468: $? = 0
configure:8472: /usr/bin/nm -B conftest.o \| sed -n -e 's/^.*[ ]\([ABCDGIRSTW][ABCDGIRSTW]*\)[ ][ ]*\([_A-Za-z][_A-Za-z0-9]*\)$/\1 \2 \2/p' | sed '/ __gnu_lto/d' \> conftest.nm
configure:8475: $? = 0
configure:8541: gcc -o conftest -g -O2   conftest.c conftstm.o >&5
configure:8544: $? = 0
configure:8582: result: ok
configure:8619: checking for sysroot
configure:8649: result: no
configure:8726: gcc -c -g -O2  conftest.c >&5
configure:8729: $? = 0
configure:8905: checking for mt
configure:8935: result: no
configure:8955: checking if : is a manifest tool
configure:8961: : '-?'
configure:8969: result: no
configure:9611: checking how to run the C preprocessor
configure:9642: gcc -E  conftest.c
configure:9642: $? = 0
configure:9656: gcc -E  conftest.c
conftest.c:9:28: fatal error: ac_nonexistent.h: No such file or directory
 #include <ac_nonexistent.h>
                            ^
compilation terminated.
configure:9656: $? = 1
configure: failed program was:
| /* confdefs.h */
| #define PACKAGE_NAME "unimrcp"
| #define PACKAGE_TARNAME "unimrcp"
| #define PACKAGE_VERSION "1.6.0"
| #define PACKAGE_STRING "unimrcp 1.6.0"
| #define PACKAGE_BUGREPORT ""
| #define PACKAGE_URL ""
| /* end confdefs.h.  */
| #include <ac_nonexistent.h>
configure:9681: result: gcc -E
configure:9701: gcc -E  conftest.c
configure:9701: $? = 0
configure:9715: gcc -E  conftest.c
conftest.c:9:28: fatal error: ac_nonexistent.h: No such file or directory
 #include <ac_nonexistent.h>
                            ^
compilation terminated.
configure:9715: $? = 1
configure: failed program was:
| /* confdefs.h */
| #define PACKAGE_NAME "unimrcp"
| #define PACKAGE_TARNAME "unimrcp"
| #define PACKAGE_VERSION "1.6.0"
| #define PACKAGE_STRING "unimrcp 1.6.0"
| #define PACKAGE_BUGREPORT ""
| #define PACKAGE_URL ""
| /* end confdefs.h.  */
| #include <ac_nonexistent.h>
configure:9744: checking for ANSI C header files
configure:9764: gcc -c -g -O2  conftest.c >&5
configure:9764: $? = 0
configure:9837: gcc -o conftest -g -O2   conftest.c  >&5
configure:9837: $? = 0
configure:9837: ./conftest
configure:9837: $? = 0
configure:9848: result: yes
configure:9861: checking for sys/types.h
configure:9861: gcc -c -g -O2  conftest.c >&5
configure:9861: $? = 0
configure:9861: result: yes
configure:9861: checking for sys/stat.h
configure:9861: gcc -c -g -O2  conftest.c >&5
configure:9861: $? = 0
configure:9861: result: yes
configure:9861: checking for stdlib.h
configure:9861: gcc -c -g -O2  conftest.c >&5
configure:9861: $? = 0
configure:9861: result: yes
configure:9861: checking for string.h
configure:9861: gcc -c -g -O2  conftest.c >&5
configure:9861: $? = 0
configure:9861: result: yes
configure:9861: checking for memory.h
configure:9861: gcc -c -g -O2  conftest.c >&5
configure:9861: $? = 0
configure:9861: result: yes
configure:9861: checking for strings.h
configure:9861: gcc -c -g -O2  conftest.c >&5
configure:9861: $? = 0
configure:9861: result: yes
configure:9861: checking for inttypes.h
configure:9861: gcc -c -g -O2  conftest.c >&5
configure:9861: $? = 0
configure:9861: result: yes
configure:9861: checking for stdint.h
configure:9861: gcc -c -g -O2  conftest.c >&5
configure:9861: $? = 0
configure:9861: result: yes
configure:9861: checking for unistd.h
configure:9861: gcc -c -g -O2  conftest.c >&5
configure:9861: $? = 0
configure:9861: result: yes
configure:9875: checking for dlfcn.h
configure:9875: gcc -c -g -O2  conftest.c >&5
configure:9875: $? = 0
configure:9875: result: yes
configure:10092: checking for objdir
configure:10107: result: .libs
configure:10378: checking if gcc supports -fno-rtti -fno-exceptions
configure:10396: gcc -c -g -O2  -fno-rtti -fno-exceptions conftest.c >&5
cc1: warning: command line option '-fno-rtti' is valid for C++/ObjC++ but not for C [enabled by default]
configure:10400: $? = 0
configure:10413: result: no
configure:10740: checking for gcc option to produce PIC
configure:10747: result: -fPIC -DPIC
configure:10755: checking if gcc PIC flag -fPIC -DPIC works
configure:10773: gcc -c -g -O2  -fPIC -DPIC -DPIC conftest.c >&5
configure:10777: $? = 0
configure:10790: result: yes
configure:10819: checking if gcc static flag -static works
configure:10847: result: no
configure:10862: checking if gcc supports -c -o file.o
configure:10883: gcc -c -g -O2  -o out/conftest2.o conftest.c >&5
configure:10887: $? = 0
configure:10909: result: yes
configure:10917: checking if gcc supports -c -o file.o
configure:10964: result: yes
configure:10997: checking whether the gcc linker (/usr/bin/ld -m elf_x86_64) supports shared libraries
configure:12150: result: yes
configure:12187: checking whether -lc should be explicitly linked in
configure:12195: gcc -c -g -O2  conftest.c >&5
configure:12198: $? = 0
configure:12213: gcc -shared  -fPIC -DPIC conftest.o  -v -Wl,-soname -Wl,conftest -o conftest 2\>\&1 \| /usr/bin/grep  -lc  \>/dev/null 2\>\&1
configure:12216: $? = 0
configure:12230: result: no
configure:12390: checking dynamic linker characteristics
configure:12901: gcc -o conftest -g -O2   -Wl,-rpath -Wl,/foo conftest.c  >&5
configure:12901: $? = 0
configure:13127: result: GNU/Linux ld.so
configure:13234: checking how to hardcode library paths into programs
configure:13259: result: immediate
configure:13799: checking whether stripping libraries is possible
configure:13804: result: yes
configure:13839: checking if libtool supports shared libraries
configure:13841: result: yes
configure:13844: checking whether to build shared libraries
configure:13865: result: yes
configure:13868: checking whether to build static libraries
configure:13872: result: yes
configure:13895: checking how to run the C++ preprocessor
configure:13922: g++ -E  conftest.cpp
configure:13922: $? = 0
configure:13936: g++ -E  conftest.cpp
conftest.cpp:21:28: fatal error: ac_nonexistent.h: No such file or directory
 #include <ac_nonexistent.h>
                            ^
compilation terminated.
configure:13936: $? = 1
configure: failed program was:
| /* confdefs.h */
| #define PACKAGE_NAME "unimrcp"
| #define PACKAGE_TARNAME "unimrcp"
| #define PACKAGE_VERSION "1.6.0"
| #define PACKAGE_STRING "unimrcp 1.6.0"
| #define PACKAGE_BUGREPORT ""
| #define PACKAGE_URL ""
| #define STDC_HEADERS 1
| #define HAVE_SYS_TYPES_H 1
| #define HAVE_SYS_STAT_H 1
| #define HAVE_STDLIB_H 1
| #define HAVE_STRING_H 1
| #define HAVE_MEMORY_H 1
| #define HAVE_STRINGS_H 1
| #define HAVE_INTTYPES_H 1
| #define HAVE_STDINT_H 1
| #define HAVE_UNISTD_H 1
| #define HAVE_DLFCN_H 1
| #define LT_OBJDIR ".libs/"
| /* end confdefs.h.  */
| #include <ac_nonexistent.h>
configure:13961: result: g++ -E
configure:13981: g++ -E  conftest.cpp
configure:13981: $? = 0
configure:13995: g++ -E  conftest.cpp
conftest.cpp:21:28: fatal error: ac_nonexistent.h: No such file or directory
 #include <ac_nonexistent.h>
                            ^
compilation terminated.
configure:13995: $? = 1
configure: failed program was:
| /* confdefs.h */
| #define PACKAGE_NAME "unimrcp"
| #define PACKAGE_TARNAME "unimrcp"
| #define PACKAGE_VERSION "1.6.0"
| #define PACKAGE_STRING "unimrcp 1.6.0"
| #define PACKAGE_BUGREPORT ""
| #define PACKAGE_URL ""
| #define STDC_HEADERS 1
| #define HAVE_SYS_TYPES_H 1
| #define HAVE_SYS_STAT_H 1
| #define HAVE_STDLIB_H 1
| #define HAVE_STRING_H 1
| #define HAVE_MEMORY_H 1
| #define HAVE_STRINGS_H 1
| #define HAVE_INTTYPES_H 1
| #define HAVE_STDINT_H 1
| #define HAVE_UNISTD_H 1
| #define HAVE_DLFCN_H 1
| #define LT_OBJDIR ".libs/"
| /* end confdefs.h.  */
| #include <ac_nonexistent.h>
configure:14164: checking for ld used by g++
configure:14231: result: /usr/bin/ld -m elf_x86_64
configure:14238: checking if the linker (/usr/bin/ld -m elf_x86_64) is GNU ld
configure:14253: result: yes
configure:14308: checking whether the g++ linker (/usr/bin/ld -m elf_x86_64) supports shared libraries
configure:15313: result: yes
configure:15349: g++ -c -g -O2  conftest.cpp >&5
configure:15352: $? = 0
configure:15872: checking for g++ option to produce PIC
configure:15879: result: -fPIC -DPIC
configure:15887: checking if g++ PIC flag -fPIC -DPIC works
configure:15905: g++ -c -g -O2  -fPIC -DPIC -DPIC conftest.cpp >&5
configure:15909: $? = 0
configure:15922: result: yes
configure:15945: checking if g++ static flag -static works
configure:15973: result: no
configure:15985: checking if g++ supports -c -o file.o
configure:16006: g++ -c -g -O2  -o out/conftest2.o conftest.cpp >&5
configure:16010: $? = 0
configure:16032: result: yes
configure:16037: checking if g++ supports -c -o file.o
configure:16084: result: yes
configure:16114: checking whether the g++ linker (/usr/bin/ld -m elf_x86_64) supports shared libraries
configure:16150: result: yes
configure:16291: checking dynamic linker characteristics
configure:16962: result: GNU/Linux ld.so
configure:17015: checking how to hardcode library paths into programs
configure:17040: result: immediate
configure:17108: checking for C compiler vendor
configure:17152: gcc -c -g -O2  conftest.c >&5
conftest.c: In function 'main':
conftest.c:8:9: error: 'thisisanerror' undeclared (first use in this function)
         thisisanerror;
         ^
conftest.c:8:9: note: each undeclared identifier is reported only once for each function it appears in
configure:17152: $? = 1
configure: failed program was:
| /* end confdefs.h.  */
| 
| int
| main ()
| {
| 
|       #if !(defined(__ICC) || defined(__ECC) || defined(__INTEL_COMPILER))
|         thisisanerror;
|       #endif
| 
|   ;
|   return 0;
| }
configure:17152: gcc -c -g -O2  conftest.c >&5
conftest.c: In function 'main':
conftest.c:8:9: error: 'thisisanerror' undeclared (first use in this function)
         thisisanerror;
         ^
conftest.c:8:9: note: each undeclared identifier is reported only once for each function it appears in
configure:17152: $? = 1
configure: failed program was:
| /* end confdefs.h.  */
| 
| int
| main ()
| {
| 
|       #if !(defined(__xlc__) || defined(__xlC__) || defined(__IBMC__) || defined(__IBMCPP__))
|         thisisanerror;
|       #endif
| 
|   ;
|   return 0;
| }
configure:17152: gcc -c -g -O2  conftest.c >&5
conftest.c: In function 'main':
conftest.c:8:9: error: 'thisisanerror' undeclared (first use in this function)
         thisisanerror;
         ^
conftest.c:8:9: note: each undeclared identifier is reported only once for each function it appears in
configure:17152: $? = 1
configure: failed program was:
| /* end confdefs.h.  */
| 
| int
| main ()
| {
| 
|       #if !(defined(__PATHCC__) || defined(__PATHSCALE__))
|         thisisanerror;
|       #endif
| 
|   ;
|   return 0;
| }
configure:17152: gcc -c -g -O2  conftest.c >&5
conftest.c: In function 'main':
conftest.c:8:9: error: 'thisisanerror' undeclared (first use in this function)
         thisisanerror;
         ^
conftest.c:8:9: note: each undeclared identifier is reported only once for each function it appears in
configure:17152: $? = 1
configure: failed program was:
| /* end confdefs.h.  */
| 
| int
| main ()
| {
| 
|       #if !(defined(__clang__))
|         thisisanerror;
|       #endif
| 
|   ;
|   return 0;
| }
configure:17152: gcc -c -g -O2  conftest.c >&5
configure:17152: $? = 0
configure:17160: result: gnu
configure:17166: checking for pkg-config
configure:17184: found /usr/bin/pkg-config
configure:17197: result: /usr/bin/pkg-config
configure:17223: Apache Portable Runtime (APR) library configuration
configure:17251: checking for APR
configure:17327: result: yes
configure:17348: result: 1.5.2
configure:17458: Apache Portable Runtime Utility (APU) library configuration
configure:17486: checking for APR-util
configure:17562: result: yes
configure:17583: result: 1.5.4
configure:17655: Sofia SIP library configuration
configure:17658: checking for Sofia-SIP
configure:17714: result: yes
configure:17716: result: 1.13.2
configure:17738: enable inter-library dependencies: yes
configure:17756: enable maintainer mode: no
configure:18166: checking that generated files are newer than configure
configure:18172: result: done
configure:18251: creating ./config.status

## ---------------------- ##
## Running config.status. ##
## ---------------------- ##

This file was extended by unimrcp config.status 1.6.0, which was
generated by GNU Autoconf 2.69.  Invocation command line was

  CONFIG_FILES    = 
  CONFIG_HEADERS  = 
  CONFIG_LINKS    = 
  CONFIG_COMMANDS = 
  $ ./config.status 

on freeswitch10

config.status:1143: creating Makefile
config.status:1143: creating libs/Makefile
config.status:1143: creating libs/apr-toolkit/Makefile
config.status:1143: creating libs/mpf/Makefile
config.status:1143: creating libs/mrcp/Makefile
config.status:1143: creating libs/mrcp-signaling/Makefile
config.status:1143: creating libs/mrcpv2-transport/Makefile
config.status:1143: creating libs/mrcp-engine/Makefile
config.status:1143: creating libs/mrcp-server/Makefile
config.status:1143: creating libs/mrcp-client/Makefile
config.status:1143: creating libs/uni-rtsp/Makefile
config.status:1143: creating modules/Makefile
config.status:1143: creating modules/mrcp-sofiasip/Makefile
config.status:1143: creating modules/mrcp-unirtsp/Makefile
config.status:1143: creating plugins/Makefile
config.status:1143: creating plugins/mrcp-recorder/Makefile
config.status:1143: creating plugins/alisynth/Makefile
config.status:1143: creating plugins/alirecog/Makefile
config.status:1143: creating plugins/demo-verifier/Makefile
config.status:1143: creating platforms/Makefile
config.status:1143: creating platforms/libunimrcp-server/Makefile
config.status:1143: creating platforms/libunimrcp-client/Makefile
config.status:1143: creating platforms/unimrcp-server/Makefile
config.status:1143: creating platforms/unimrcp-client/Makefile
config.status:1143: creating platforms/libasr-client/Makefile
config.status:1143: creating platforms/asr-client/Makefile
config.status:1143: creating platforms/umc/Makefile
config.status:1143: creating tests/Makefile
config.status:1143: creating tests/apttest/Makefile
config.status:1143: creating tests/mpftest/Makefile
config.status:1143: creating tests/mrcptest/Makefile
config.status:1143: creating tests/rtsptest/Makefile
config.status:1143: creating tests/strtablegen/Makefile
config.status:1143: creating build/Makefile
config.status:1143: creating build/pkgconfig/Makefile
config.status:1143: creating build/pkgconfig/unimrcpclient.pc
config.status:1143: creating build/pkgconfig/unimrcpserver.pc
config.status:1143: creating build/pkgconfig/unimrcpplugin.pc
config.status:1143: creating conf/Makefile
config.status:1143: creating data/Makefile
config.status:1143: creating docs/doxygen.conf
config.status:1315: executing depfiles commands
config.status:1315: executing libtool commands

## ---------------- ##
## Cache variables. ##
## ---------------- ##

ac_cv_build=x86_64-unknown-linux-gnu
ac_cv_c_compiler_gnu=yes
ac_cv_cxx_compiler_gnu=yes
ac_cv_env_CCC_set=
ac_cv_env_CCC_value=
ac_cv_env_CC_set=
ac_cv_env_CC_value=
ac_cv_env_CFLAGS_set=
ac_cv_env_CFLAGS_value=
ac_cv_env_CPPFLAGS_set=
ac_cv_env_CPPFLAGS_value=
ac_cv_env_CPP_set=
ac_cv_env_CPP_value=
ac_cv_env_CXXCPP_set=
ac_cv_env_CXXCPP_value=
ac_cv_env_CXXFLAGS_set=
ac_cv_env_CXXFLAGS_value=
ac_cv_env_CXX_set=
ac_cv_env_CXX_value=
ac_cv_env_LDFLAGS_set=
ac_cv_env_LDFLAGS_value=
ac_cv_env_LIBS_set=
ac_cv_env_LIBS_value=
ac_cv_env_build_alias_set=
ac_cv_env_build_alias_value=
ac_cv_env_host_alias_set=
ac_cv_env_host_alias_value=
ac_cv_env_target_alias_set=
ac_cv_env_target_alias_value=
ac_cv_header_dlfcn_h=yes
ac_cv_header_inttypes_h=yes
ac_cv_header_memory_h=yes
ac_cv_header_stdc=yes
ac_cv_header_stdint_h=yes
ac_cv_header_stdlib_h=yes
ac_cv_header_string_h=yes
ac_cv_header_strings_h=yes
ac_cv_header_sys_stat_h=yes
ac_cv_header_sys_types_h=yes
ac_cv_header_unistd_h=yes
ac_cv_host=x86_64-unknown-linux-gnu
ac_cv_objext=o
ac_cv_path_EGREP='/usr/bin/grep -E'
ac_cv_path_FGREP='/usr/bin/grep -F'
ac_cv_path_GREP=/usr/bin/grep
ac_cv_path_PKG_CONFIG=/usr/bin/pkg-config
ac_cv_path_SED=/usr/bin/sed
ac_cv_path_install='/usr/bin/install -c'
ac_cv_path_mkdir=/usr/bin/mkdir
ac_cv_prog_AWK=gawk
ac_cv_prog_CPP='gcc -E'
ac_cv_prog_CXXCPP='g++ -E'
ac_cv_prog_ac_ct_AR=ar
ac_cv_prog_ac_ct_CC=gcc
ac_cv_prog_ac_ct_CXX=g++
ac_cv_prog_ac_ct_OBJDUMP=objdump
ac_cv_prog_ac_ct_RANLIB=ranlib
ac_cv_prog_ac_ct_STRIP=strip
ac_cv_prog_cc_c89=
ac_cv_prog_cc_g=yes
ac_cv_prog_cc_gcc_c_o=yes
ac_cv_prog_cxx_g=yes
ac_cv_prog_make_make_set=yes
am_cv_CC_dependencies_compiler_type=gcc3
am_cv_CXX_dependencies_compiler_type=gcc3
am_cv_make_support_nested_variables=yes
ax_cv_c_compiler_vendor=gnu
lt_cv_ar_at_file=@
lt_cv_archive_cmds_need_lc=no
lt_cv_deplibs_check_method=pass_all
lt_cv_file_magic_cmd='$MAGIC_CMD'
lt_cv_file_magic_test_file=
lt_cv_ld_reload_flag=-r
lt_cv_nm_interface='BSD nm'
lt_cv_objdir=.libs
lt_cv_path_LD=/usr/bin/ld
lt_cv_path_LDCXX='/usr/bin/ld -m elf_x86_64'
lt_cv_path_NM='/usr/bin/nm -B'
lt_cv_path_mainfest_tool=no
lt_cv_prog_compiler_c_o=yes
lt_cv_prog_compiler_c_o_CXX=yes
lt_cv_prog_compiler_pic='-fPIC -DPIC'
lt_cv_prog_compiler_pic_CXX='-fPIC -DPIC'
lt_cv_prog_compiler_pic_works=yes
lt_cv_prog_compiler_pic_works_CXX=yes
lt_cv_prog_compiler_rtti_exceptions=no
lt_cv_prog_compiler_static_works=no
lt_cv_prog_compiler_static_works_CXX=no
lt_cv_prog_gnu_ld=yes
lt_cv_prog_gnu_ldcxx=yes
lt_cv_sharedlib_from_linklib_cmd='printf %s\n'
lt_cv_shlibpath_overrides_runpath=no
lt_cv_sys_global_symbol_pipe='sed -n -e '\''s/^.*[	 ]\([ABCDGIRSTW][ABCDGIRSTW]*\)[	 ][	 ]*\([_A-Za-z][_A-Za-z0-9]*\)$/\1 \2 \2/p'\'' | sed '\''/ __gnu_lto/d'\'''
lt_cv_sys_global_symbol_to_c_name_address='sed -n -e '\''s/^: \([^ ]*\)[ ]*$/  {\"\1\", (void *) 0},/p'\'' -e '\''s/^[ABCDGIRSTW]* \([^ ]*\) \([^ ]*\)$/  {"\2", (void *) \&\2},/p'\'''
lt_cv_sys_global_symbol_to_c_name_address_lib_prefix='sed -n -e '\''s/^: \([^ ]*\)[ ]*$/  {\"\1\", (void *) 0},/p'\'' -e '\''s/^[ABCDGIRSTW]* \([^ ]*\) \(lib[^ ]*\)$/  {"\2", (void *) \&\2},/p'\'' -e '\''s/^[ABCDGIRSTW]* \([^ ]*\) \([^ ]*\)$/  {"lib\2", (void *) \&\2},/p'\'''
lt_cv_sys_global_symbol_to_cdecl='sed -n -e '\''s/^T .* \(.*\)$/extern int \1();/p'\'' -e '\''s/^[ABCDGIRSTW]* .* \(.*\)$/extern char \1;/p'\'''
lt_cv_sys_max_cmd_len=1572864
lt_cv_to_host_file_cmd=func_convert_file_noop
lt_cv_to_tool_file_cmd=func_convert_file_noop

## ----------------- ##
## Output variables. ##
## ----------------- ##

ACLOCAL='${SHELL} /usr/local/unimrcp-1.6.0/build/missing aclocal-1.13'
ALIRECOG_PLUGIN_FALSE='#'
ALIRECOG_PLUGIN_TRUE=''
ALISYNTH_PLUGIN_FALSE='#'
ALISYNTH_PLUGIN_TRUE=''
AMDEPBACKSLASH='\'
AMDEP_FALSE='#'
AMDEP_TRUE=''
AMTAR='$${TAR-tar}'
AM_BACKSLASH='\'
AM_DEFAULT_V='$(AM_DEFAULT_VERBOSITY)'
AM_DEFAULT_VERBOSITY='0'
AM_V='$(V)'
AR='ar'
AR_FLAGS='cr'
ASR_CLIENT_FALSE='#'
ASR_CLIENT_TRUE=''
AUTOCONF='${SHELL} /usr/local/unimrcp-1.6.0/build/missing autoconf'
AUTOHEADER='${SHELL} /usr/local/unimrcp-1.6.0/build/missing autoheader'
AUTOMAKE='${SHELL} /usr/local/unimrcp-1.6.0/build/missing automake-1.13'
AWK='gawk'
CC='gcc'
CCDEPMODE='depmode=gcc3'
CFLAGS='-g -O2 -pthread'
COMMON_CLIENT_DATA_FALSE='#'
COMMON_CLIENT_DATA_TRUE=''
CPP='gcc -E'
CPPFLAGS=' -DLINUX -D_REENTRANT -D_GNU_SOURCE'
CXX='g++'
CXXCPP='g++ -E'
CXXDEPMODE='depmode=gcc3'
CXXFLAGS='-g -O2'
CYGPATH_W='echo'
DEFS=''
DEMOVERIFIER_PLUGIN_FALSE='#'
DEMOVERIFIER_PLUGIN_TRUE=''
DEPDIR='.deps'
DLLTOOL='false'
DSYMUTIL=''
DUMPBIN=''
ECHO_C=''
ECHO_N='-n'
ECHO_T=''
EGREP='/usr/bin/grep -E'
EXEEXT=''
FGREP='/usr/bin/grep -F'
GREP='/usr/bin/grep'
INSTALL_DATA='${INSTALL} -m 644'
INSTALL_PROGRAM='${INSTALL}'
INSTALL_SCRIPT='${INSTALL}'
INSTALL_STRIP_PROGRAM='$(install_sh) -c -s'
ISMAC_FALSE=''
ISMAC_TRUE='#'
LD='/usr/bin/ld -m elf_x86_64'
LDFLAGS=' '
LIBOBJS=''
LIBS=''
LIBTOOL='$(SHELL) $(top_builddir)/libtool'
LIPO=''
LN_S='ln -s'
LTLIBOBJS=''
MAKEINFO='${SHELL} /usr/local/unimrcp-1.6.0/build/missing makeinfo'
MANIFEST_TOOL=':'
MKDIR_P='/usr/bin/mkdir -p'
NM='/usr/bin/nm -B'
NMEDIT=''
OBJDUMP='objdump'
OBJEXT='o'
OTOOL64=''
OTOOL=''
PACKAGE='unimrcp'
PACKAGE_BUGREPORT=''
PACKAGE_NAME='unimrcp'
PACKAGE_STRING='unimrcp 1.6.0'
PACKAGE_TARNAME='unimrcp'
PACKAGE_URL=''
PACKAGE_VERSION='1.6.0'
PATH_SEPARATOR=':'
PKG_CONFIG='/usr/bin/pkg-config'
PLUGIN_LT_VERSION='-version-info 6:0:6'
RANLIB='ranlib'
RECORDER_PLUGIN_FALSE='#'
RECORDER_PLUGIN_TRUE=''
SED='/usr/bin/sed'
SET_MAKE=''
SHELL='/bin/sh'
STRIP='strip'
TEST_SUITES_FALSE=''
TEST_SUITES_TRUE='#'
UMC_FALSE='#'
UMC_TRUE=''
UNIMRCP_APR_INCLUDES=' -I/usr/local/apr/include/apr-1 '
UNIMRCP_APR_LIBS=' -L/usr/local/apr/lib -lapr-1 -laprutil-1'
UNIMRCP_CLIENT_APP_FALSE='#'
UNIMRCP_CLIENT_APP_TRUE=''
UNIMRCP_CLIENT_LIB_FALSE='#'
UNIMRCP_CLIENT_LIB_TRUE=''
UNIMRCP_SERVER_APP_FALSE='#'
UNIMRCP_SERVER_APP_TRUE=''
UNIMRCP_SERVER_LIB_FALSE='#'
UNIMRCP_SERVER_LIB_TRUE=''
UNIMRCP_SOFIA_INCLUDES='-I/usr/local/include/sofia-sip-1.13  '
UNIMRCP_SOFIA_LIBS='-L/usr/local/lib -lsofia-sip-ua  '
UNI_DOTTED_VERSION='1.6.0'
UNI_LT_VERSION='-version-info 6:0:6'
VERSION='1.6.0'
ac_aux_dir='build'
ac_ct_AR='ar'
ac_ct_CC='gcc'
ac_ct_CXX='g++'
ac_ct_DUMPBIN=''
ac_macro_dir='build/acmacros'
am__EXEEXT_FALSE=''
am__EXEEXT_TRUE='#'
am__fastdepCC_FALSE='#'
am__fastdepCC_TRUE=''
am__fastdepCXX_FALSE='#'
am__fastdepCXX_TRUE=''
am__include='include'
am__isrc=''
am__leading_dot='.'
am__nodep='_no'
am__quote=''
am__tar='$${TAR-tar} chof - "$$tardir"'
am__untar='$${TAR-tar} xf -'
bindir='${exec_prefix}/bin'
build='x86_64-unknown-linux-gnu'
build_alias=''
build_cpu='x86_64'
build_os='linux-gnu'
build_vendor='unknown'
datadir='${prefix}/data'
datarootdir='${prefix}/share'
docdir='${datarootdir}/doc/${PACKAGE_TARNAME}'
dvidir='${docdir}'
exec_prefix='${prefix}'
host='x86_64-unknown-linux-gnu'
host_alias=''
host_cpu='x86_64'
host_os='linux-gnu'
host_vendor='unknown'
htmldir='${docdir}'
includedir='${prefix}/include'
infodir='${datarootdir}/info'
install_sh='${SHELL} /usr/local/unimrcp-1.6.0/build/install-sh'
libdir='${exec_prefix}/lib'
libexecdir='${exec_prefix}/modules'
localedir='${datarootdir}/locale'
localstatedir='${prefix}'
logdir='${exec_prefix}/log'
mandir='${prefix}/man'
mkdir_p='$(MKDIR_P)'
oldincludedir='/usr/include'
pdfdir='${docdir}'
plugindir='${exec_prefix}/plugin'
prefix='/usr/local/unimrcp'
program_transform_name='s,x,x,'
psdir='${docdir}'
sbindir='${exec_prefix}/bin'
sharedstatedir='${prefix}/com'
sysconfdir='${prefix}/conf'
target_alias=''
vardir='${exec_prefix}/var'

configure: exit 0
